<class 'list'>
512647@wmcloud.com 账号登录成功
<class 'list'>
512647@wmcloud.com 账号登录成功
                code indexSymbol industryName trade_date  weight
0        002004.XSHE      801150         医药生物 2007-01-04   0.121
1        002010.XSHE      801030           化工 2007-01-04   0.201
2        002022.XSHE      801150         医药生物 2007-01-04   0.381
3        002029.XSHE      801130         纺织服装 2007-01-04   0.255
4        002038.XSHE      801150         医药生物 2007-01-04   0.135
5        600965.XSHG      801010         农林牧渔 2007-01-04   0.090
6        600979.XSHG      801160         公用事业 2007-01-04   0.091
7        002040.XSHE      801170         交通运输 2007-01-04   0.117
8        002045.XSHE      801080           电子 2007-01-04   0.214
9        002049.XSHE      801080           电子 2007-01-04   0.103
10       600992.XSHG      801040           钢铁 2007-01-04   0.086
11       000037.XSHE      801160         公用事业 2007-01-04   0.084
12       000045.XSHE      801130         纺织服装 2007-01-04   0.048
13       000055.XSHE      801040           钢铁 2007-01-04   0.067
14       000070.XSHE      801080           电子 2007-01-04   0.075
15       000301.XSHE      801130         纺织服装 2007-01-04   0.494
16       000417.XSHE      801200         商业贸易 2007-01-04   0.119
17       000498.XSHE      801030           化工 2007-01-04   0.091
18       000510.XSHE      801030           化工 2007-01-04   0.242
19       000522.XSHE      801150         医药生物 2007-01-04   0.183
20       000531.XSHE      801160         公用事业 2007-01-04   0.202
21       000548.XSHE      801170         交通运输 2007-01-04   0.348
22       000569.XSHE      801040           钢铁 2007-01-04   0.140
23       600328.XSHG      801030           化工 2007-01-04   0.149
24       600337.XSHG      801140         轻工制造 2007-01-04   0.252
25       000573.XSHE      801180          房地产 2007-01-04   0.279
26       600356.XSHG      801140         轻工制造 2007-01-04   0.125
27       000594.XSHE      801170         交通运输 2007-01-04   0.193
28       600363.XSHG      801080           电子 2007-01-04   0.142
29       000626.XSHE      801010         农林牧渔 2007-01-04   0.076
...              ...         ...          ...        ...     ...
1286549  002366.XSHE      801890         机械设备 2019-06-05   0.149
1286550  600260.XSHG      801770           通信 2019-06-05   0.245
1286551  002373.XSHE      801750          计算机 2019-06-05   0.374
1286552  600280.XSHG      801200         商业贸易 2019-06-05   0.060
1286553  002384.XSHE      801080           电子 2019-06-05   0.360
1286554  600307.XSHG      801040           钢铁 2019-06-05   0.179
1286555  002390.XSHE      801150         医药生物 2019-06-05   0.128
1286556  600325.XSHG      801180          房地产 2019-06-05   0.386
1286557  002400.XSHE      801760           传媒 2019-06-05   0.155
1286558  600348.XSHG      801020           采掘 2019-06-05   0.194
1286559  002426.XSHE      801890         机械设备 2019-06-05   0.163
1286560  600376.XSHG      801180          房地产 2019-06-05   0.328
1286561  002437.XSHE      801150         医药生物 2019-06-05   0.108
1286562  600393.XSHG      801180          房地产 2019-06-05   0.123
1286563  601000.XSHG      801170         交通运输 2019-06-05   0.228
1286564  600418.XSHG      801880           汽车 2019-06-05   0.194
1286565  300253.XSHE      801750          计算机 2019-06-05   0.389
1286566  600458.XSHG      801030           化工 2019-06-05   0.103
1286567  300133.XSHE      801760           传媒 2019-06-05   0.128
1286568  600499.XSHG      801890         机械设备 2019-06-05   0.160
1286569  002477.XSHE      801010         农林牧渔 2019-06-05   0.053
1286570  600511.XSHG      801150         医药生物 2019-06-05   0.194
1286571  300134.XSHE      801770           通信 2019-06-05   0.144
1286572  600545.XSHG      801890         机械设备 2019-06-05   0.117
1286573  603868.XSHG      801110         家用电器 2019-06-05   0.051
1286574  002507.XSHE      801120         食品饮料 2019-06-05   0.383
1286575  600567.XSHG      801140         轻工制造 2019-06-05   0.305
1286576  603569.XSHG      801170         交通运输 2019-06-05   0.025
1286577  300168.XSHE      801750          计算机 2019-06-05   0.325
1286578  600582.XSHG      801890         机械设备 2019-06-05   0.161

[1286579 rows x 5 columns]
